Using pre-set license
Built from '2022.1/staging' branch; Version is '2022.1.23f1 (9636b062134a) revision 9844400'; Using compiler version '192829333'; Build Type 'Release'
OS: 'Windows 11  (10.0.22621) 64bit Professional' Language: 'nl' Physical Memory: 16232 MB
BatchMode: 1, IsHumanControllingUs: 0, StartBugReporterOnCrash: 0, Is64bit: 1, IsPro: 1

COMMAND LINE ARGUMENTS:
C:\Program Files\Unity\Hub\Editor\2022.1.23f1\Editor\Unity.exe
-adb2
-batchMode
-noUpm
-name
AssetImportWorker3
-projectPath
C:/Users/bts/Documents/GitHub/Tower-Defense-Tutorial/Tower Defense Unity Project
-logFile
Logs/AssetImportWorker3.log
-srvPort
59601
Successfully changed project path to: C:/Users/bts/Documents/GitHub/Tower-Defense-Tutorial/Tower Defense Unity Project
C:/Users/bts/Documents/GitHub/Tower-Defense-Tutorial/Tower Defense Unity Project
[UnityMemory] Configuration Parameters - Can be set up in boot.config
    "memorysetup-bucket-allocator-granularity=16"
    "memorysetup-bucket-allocator-bucket-count=8"
    "memorysetup-bucket-allocator-block-size=33554432"
    "memorysetup-bucket-allocator-block-count=8"
    "memorysetup-main-allocator-block-size=16777216"
    "memorysetup-thread-allocator-block-size=16777216"
    "memorysetup-gfx-main-allocator-block-size=16777216"
    "memorysetup-gfx-thread-allocator-block-size=16777216"
    "memorysetup-cache-allocator-block-size=4194304"
    "memorysetup-typetree-allocator-block-size=2097152"
    "memorysetup-profiler-bucket-allocator-granularity=16"
    "memorysetup-profiler-bucket-allocator-bucket-count=8"
    "memorysetup-profiler-bucket-allocator-block-size=33554432"
    "memorysetup-profiler-bucket-allocator-block-count=8"
    "memorysetup-profiler-allocator-block-size=16777216"
    "memorysetup-profiler-editor-allocator-block-size=1048576"
    "memorysetup-temp-allocator-size-main=16777216"
    "memorysetup-job-temp-allocator-block-size=2097152"
    "memorysetup-job-temp-allocator-block-size-background=1048576"
    "memorysetup-job-temp-allocator-reduction-small-platforms=262144"
    "memorysetup-temp-allocator-size-background-worker=32768"
    "memorysetup-temp-allocator-size-job-worker=262144"
    "memorysetup-temp-allocator-size-preload-manager=33554432"
    "memorysetup-temp-allocator-size-nav-mesh-worker=65536"
    "memorysetup-temp-allocator-size-audio-worker=65536"
    "memorysetup-temp-allocator-size-cloud-worker=32768"
    "memorysetup-temp-allocator-size-gi-baking-worker=262144"
    "memorysetup-temp-allocator-size-gfx=262144"
Cannot set VR devices because the platform passed isn't supported by Unity.
Cannot set VR devices because the platform passed isn't supported by Unity.
Cannot set VR devices because the platform passed isn't supported by Unity.
Cannot set VR devices because the platform passed isn't supported by Unity.
Cannot set VR devices because the platform passed isn't supported by Unity.
Cannot set VR devices because the platform passed isn't supported by Unity.
Cannot set VR devices because the platform passed isn't supported by Unity.
Cannot set VR devices because the platform passed isn't supported by Unity.
Cannot set VR devices because the platform passed isn't supported by Unity.
Cannot set VR devices because the platform passed isn't supported by Unity.
Cannot set VR devices because the platform passed isn't supported by Unity.
Refreshing native plugins compatible for Editor in 56.39 ms, found 3 plugins.
Preloading 0 native plugins for Editor in 0.00 ms.
Initialize engine version: 2022.1.23f1 (9636b062134a)
[Subsystems] Discovering subsystems at path C:/Program Files/Unity/Hub/Editor/2022.1.23f1/Editor/Data/Resources/UnitySubsystems
[Subsystems] Discovering subsystems at path C:/Users/bts/Documents/GitHub/Tower-Defense-Tutorial/Tower Defense Unity Project/Assets
GfxDevice: creating device client; threaded=0; jobified=0
Direct3D:
    Version:  Direct3D 11.0 [level 11.1]
    Renderer: NVIDIA GeForce RTX 3060 (ID=0x2504)
    Vendor:   NVIDIA
    VRAM:     12129 MB
    Driver:   31.0.15.2802
Initialize mono
Mono path[0] = 'C:/Program Files/Unity/Hub/Editor/2022.1.23f1/Editor/Data/Managed'
Mono path[1] = 'C:/Program Files/Unity/Hub/Editor/2022.1.23f1/Editor/Data/MonoBleedingEdge/lib/mono/unityjit-win32'
Mono config path = 'C:/Program Files/Unity/Hub/Editor/2022.1.23f1/Editor/Data/MonoBleedingEdge/etc'
Using monoOptions --debugger-agent=transport=dt_socket,embedding=1,server=y,suspend=n,address=127.0.0.1:56992
Begin MonoManager ReloadAssembly
Registering precompiled unity dll's ...
Register platform support module: C:/Program Files/Unity/Hub/Editor/2022.1.23f1/Editor/Data/PlaybackEngines/WindowsStandaloneSupport/UnityEditor.WindowsStandalone.Extensions.dll
Registered in 0.003455 seconds.
Native extension for WindowsStandalone target not found
Refreshing native plugins compatible for Editor in 54.88 ms, found 3 plugins.
Preloading 0 native plugins for Editor in 0.00 ms.
Mono: successfully reloaded assembly
- Completed reload, in  0.503 seconds
Domain Reload Profiling:
	ReloadAssembly (503ms)
		BeginReloadAssembly (56ms)
			ExecutionOrderSort (0ms)
			DisableScriptedObjects (0ms)
			BackupInstance (0ms)
			ReleaseScriptingObjects (0ms)
			CreateAndSetChildDomain (1ms)
		EndReloadAssembly (364ms)
			LoadAssemblies (54ms)
			RebuildTransferFunctionScriptingTraits (0ms)
			SetupTypeCache (85ms)
				TypeCache.Initialize (85ms)
					TypeCache.ScanAssembly (83ms)
				ResolveRequiredComponents (0ms)
			ReleaseScriptCaches (0ms)
			RebuildScriptCaches (22ms)
			SetupLoadedEditorAssemblies (215ms)
				LogAssemblyErrors (0ms)
				InitializePlatformSupportModulesInManaged (6ms)
				SetLoadedEditorAssemblies (6ms)
				RefreshPlugins (55ms)
				BeforeProcessingInitializeOnLoad (1ms)
				ProcessInitializeOnLoadAttributes (106ms)
				ProcessInitializeOnLoadMethodAttributes (41ms)
				AfterProcessingInitializeOnLoad (0ms)
				EditorAssembliesLoaded (0ms)
			ExecutionOrderSort2 (0ms)
			AwakeInstancesAfterBackupRestoration (0ms)
Platform modules already initialized, skipping
Registering precompiled user dll's ...
Registered in 0.003725 seconds.
Begin MonoManager ReloadAssembly
Symbol file LoadedFromMemory doesn't match image C:\Users\bts\Documents\GitHub\Tower-Defense-Tutorial\Tower Defense Unity Project\Library\PackageCache\com.unity.visualscripting@1.7.8\Editor\VisualScripting.Core\Dependencies\YamlDotNet\Unity.VisualScripting.YamlDotNet.dll
Symbol file LoadedFromMemory doesn't match image C:\Users\bts\Documents\GitHub\Tower-Defense-Tutorial\Tower Defense Unity Project\Library\PackageCache\com.unity.visualscripting@1.7.8\Editor\VisualScripting.Core\Dependencies\DotNetZip\Unity.VisualScripting.IonicZip.dll
Native extension for WindowsStandalone target not found
Refreshing native plugins compatible for Editor in 0.69 ms, found 3 plugins.
Preloading 0 native plugins for Editor in 0.00 ms.
Mono: successfully reloaded assembly
- Completed reload, in  0.790 seconds
Domain Reload Profiling:
	ReloadAssembly (791ms)
		BeginReloadAssembly (93ms)
			ExecutionOrderSort (0ms)
			DisableScriptedObjects (4ms)
			BackupInstance (0ms)
			ReleaseScriptingObjects (0ms)
			CreateAndSetChildDomain (20ms)
		EndReloadAssembly (607ms)
			LoadAssemblies (60ms)
			RebuildTransferFunctionScriptingTraits (0ms)
			SetupTypeCache (176ms)
				TypeCache.Initialize (173ms)
					TypeCache.ScanAssembly (169ms)
				ResolveRequiredComponents (3ms)
			ReleaseScriptCaches (1ms)
			RebuildScriptCaches (42ms)
			SetupLoadedEditorAssemblies (290ms)
				LogAssemblyErrors (0ms)
				InitializePlatformSupportModulesInManaged (4ms)
				SetLoadedEditorAssemblies (5ms)
				RefreshPlugins (1ms)
				BeforeProcessingInitializeOnLoad (63ms)
				ProcessInitializeOnLoadAttributes (191ms)
				ProcessInitializeOnLoadMethodAttributes (22ms)
				AfterProcessingInitializeOnLoad (4ms)
				EditorAssembliesLoaded (0ms)
			ExecutionOrderSort2 (0ms)
			AwakeInstancesAfterBackupRestoration (5ms)
Platform modules already initialized, skipping
========================================================================
Worker process is ready to serve import requests
Cannot set VR devices because the platform passed isn't supported by Unity.
Cannot set VR devices because the platform passed isn't supported by Unity.
Cannot set VR devices because the platform passed isn't supported by Unity.
Cannot set VR devices because the platform passed isn't supported by Unity.
Cannot set VR devices because the platform passed isn't supported by Unity.
Cannot set VR devices because the platform passed isn't supported by Unity.
Cannot set VR devices because the platform passed isn't supported by Unity.
Cannot set VR devices because the platform passed isn't supported by Unity.
Cannot set VR devices because the platform passed isn't supported by Unity.
Cannot set VR devices because the platform passed isn't supported by Unity.
Cannot set VR devices because the platform passed isn't supported by Unity.
Launched and connected shader compiler UnityShaderCompiler.exe after 0.03 seconds
Refreshing native plugins compatible for Editor in 0.62 ms, found 3 plugins.
Preloading 0 native plugins for Editor in 0.00 ms.
Unloading 3263 Unused Serialized files (Serialized files now loaded: 0)
Unloading 25 unused Assets / (58.2 KB). Loaded Objects now: 3727.
Memory consumption went from 501.4 MB to 501.3 MB.
Total: 2.900400 ms (FindLiveObjects: 0.263400 ms CreateObjectMapping: 0.085600 ms MarkObjects: 2.465700 ms  DeleteObjects: 0.084500 ms)

AssetImportParameters requested are different than current active one (requested -> active):
  custom:video-decoder-ogg-theora: a1e56fd34408186e4bbccfd4996cb3dc -> 
  custom:container-muxer-webm: aa71ff27fc2769a1b78a27578f13a17b -> 
  custom:container-demuxer-webm: 4f35f7cbe854078d1ac9338744f61a02 -> 
  custom:video-encoder-webm-vp8: eb34c28f22e8b96e1ab97ce403110664 -> 
  custom:audio-encoder-webm-vorbis: bf7c407c2cedff20999df2af8eb42d56 -> 
  custom:framework-win-MediaFoundation: 216162199b28c13a410421893ffa2e32 -> 
  custom:container-demuxer-ogg: 62fdf1f143b41e24485cea50d1cbac27 -> 
  custom:video-decoder-webm-vp8: 9c59270c3fd7afecdb556c50c9e8de78 -> 
  custom:audio-decoder-ogg-vorbis: bf7c407c2cedff20999df2af8eb42d56 -> 
========================================================================
Received Import Request.
  Time since last request: 613884.697521 seconds.
  path: Assets/MainScene/ReflectionProbe-0.exr
  artifactKey: Guid(a5c30a8c28667324eae7b46e246ceda2) Importer(815301076,1909f56bfc062723c751e8b465ee728b)
Start importing Assets/MainScene/ReflectionProbe-0.exr using Guid(a5c30a8c28667324eae7b46e246ceda2) Importer(815301076,1909f56bfc062723c751e8b465ee728b)  -> (artifact id: '7eb4ea79aeb6811316193b46c0def5db') in 0.102715 seconds 
========================================================================
Received Import Request.
  Time since last request: 3.462872 seconds.
  path: Assets/Imports/Missile Launcher/Missile Launcher Texture.png
  artifactKey: Guid(30db9ccede90d334bb18adff691eac13) Importer(815301076,1909f56bfc062723c751e8b465ee728b)
Start importing Assets/Imports/Missile Launcher/Missile Launcher Texture.png using Guid(30db9ccede90d334bb18adff691eac13) Importer(815301076,1909f56bfc062723c751e8b465ee728b)  -> (artifact id: '31020a41a529e17d8afeaf8b45ee9cfe') in 0.040937 seconds 
========================================================================
Received Import Request.
  Time since last request: 3.823718 seconds.
  path: Assets/Imports/Missile Launcher/Materials/MissileLauncher_Primary.mat
  artifactKey: Guid(9da90b6de2de89049807dd76e9892ca5) Importer(815301076,1909f56bfc062723c751e8b465ee728b)
Start importing Assets/Imports/Missile Launcher/Materials/MissileLauncher_Primary.mat using Guid(9da90b6de2de89049807dd76e9892ca5) Importer(815301076,1909f56bfc062723c751e8b465ee728b)  -> (artifact id: '71c39832de400c5c57466926d026cbc8') in 0.043818 seconds 
========================================================================
Received Import Request.
  Time since last request: 19.801255 seconds.
  path: Assets/Fonts/Roboto-BlackItalic.ttf
  artifactKey: Guid(53c7d9340a3685c408bc1cb0fdaf953f) Importer(815301076,1909f56bfc062723c751e8b465ee728b)
Start importing Assets/Fonts/Roboto-BlackItalic.ttf using Guid(53c7d9340a3685c408bc1cb0fdaf953f) Importer(815301076,1909f56bfc062723c751e8b465ee728b)  -> (artifact id: '309fddcfe195bc4529cf4a77fcf0cf94') in 0.074471 seconds 
========================================================================
Received Import Request.
  Time since last request: 0.000024 seconds.
  path: Assets/Fonts/Roboto-BoldItalic.ttf
  artifactKey: Guid(5efb983d4f5855147811f27a1b6608f1) Importer(815301076,1909f56bfc062723c751e8b465ee728b)
Start importing Assets/Fonts/Roboto-BoldItalic.ttf using Guid(5efb983d4f5855147811f27a1b6608f1) Importer(815301076,1909f56bfc062723c751e8b465ee728b)  -> (artifact id: '84f40fb0ed7d148f5e85949152b42803') in 0.021284 seconds 
========================================================================
Received Import Request.
  Time since last request: 0.000023 seconds.
  path: Assets/Fonts/Roboto-Italic.ttf
  artifactKey: Guid(b61fac44a45a75a41b00c2a3c4a0614a) Importer(815301076,1909f56bfc062723c751e8b465ee728b)
Start importing Assets/Fonts/Roboto-Italic.ttf using Guid(b61fac44a45a75a41b00c2a3c4a0614a) Importer(815301076,1909f56bfc062723c751e8b465ee728b)  -> (artifact id: '27aa760264b72ff9b97208b77b13da36') in 0.018715 seconds 
========================================================================
Received Import Request.
  Time since last request: 0.000025 seconds.
  path: Assets/Fonts/Roboto-Regular.ttf
  artifactKey: Guid(0092f7798b6beb94c80979279fa3c9f9) Importer(815301076,1909f56bfc062723c751e8b465ee728b)
Start importing Assets/Fonts/Roboto-Regular.ttf using Guid(0092f7798b6beb94c80979279fa3c9f9) Importer(815301076,1909f56bfc062723c751e8b465ee728b)  -> (artifact id: 'beb5158b2ecd154ffa10428df50026df') in 0.023252 seconds 
========================================================================
Received Import Request.
  Time since last request: 0.000025 seconds.
  path: Assets/Fonts/Roboto-MediumItalic.ttf
  artifactKey: Guid(9660e1c66790b7c4c9904391e437379e) Importer(815301076,1909f56bfc062723c751e8b465ee728b)
Start importing Assets/Fonts/Roboto-MediumItalic.ttf using Guid(9660e1c66790b7c4c9904391e437379e) Importer(815301076,1909f56bfc062723c751e8b465ee728b)  -> (artifact id: '62ac6146a0650464325e11341e6ade9f') in 0.025623 seconds 
========================================================================
Received Import Request.
  Time since last request: 0.000027 seconds.
  path: Assets/Fonts/Roboto-Bold.ttf
  artifactKey: Guid(9ba139044ca1a8247a9b70c61c7c31c5) Importer(815301076,1909f56bfc062723c751e8b465ee728b)
Start importing Assets/Fonts/Roboto-Bold.ttf using Guid(9ba139044ca1a8247a9b70c61c7c31c5) Importer(815301076,1909f56bfc062723c751e8b465ee728b)  -> (artifact id: 'ea2a17a7200bca9f1e5939e22671abf6') in 0.026220 seconds 
========================================================================
Received Import Request.
  Time since last request: 37.021305 seconds.
  path: Assets/Materials/Bullet_Upgraded.mat
  artifactKey: Guid(827b4843ce57d09479130516c3b40104) Importer(815301076,1909f56bfc062723c751e8b465ee728b)
Start importing Assets/Materials/Bullet_Upgraded.mat using Guid(827b4843ce57d09479130516c3b40104) Importer(815301076,1909f56bfc062723c751e8b465ee728b)  -> (artifact id: '7c35233426e583644047210d8e16146d') in 0.014984 seconds 
========================================================================
Received Import Request.
  Time since last request: 0.000028 seconds.
  path: Assets/Materials/Laser.mat
  artifactKey: Guid(c93cda56cd1ca8b438dd7d710be07ac4) Importer(815301076,1909f56bfc062723c751e8b465ee728b)
Start importing Assets/Materials/Laser.mat using Guid(c93cda56cd1ca8b438dd7d710be07ac4) Importer(815301076,1909f56bfc062723c751e8b465ee728b)  -> (artifact id: 'b9c6dde23c5c41422be6857cad74b906') in 0.016673 seconds 
========================================================================
Received Import Request.
  Time since last request: 0.000020 seconds.
  path: Assets/Materials/Start.mat
  artifactKey: Guid(8c61d29fa535937458ce11024cf32b76) Importer(815301076,1909f56bfc062723c751e8b465ee728b)
Start importing Assets/Materials/Start.mat using Guid(8c61d29fa535937458ce11024cf32b76) Importer(815301076,1909f56bfc062723c751e8b465ee728b)  -> (artifact id: 'cd1892a1a1f41bb5d9b0346e2bc1d22f') in 0.014717 seconds 
========================================================================
Received Import Request.
  Time since last request: 0.000020 seconds.
  path: Assets/Materials/BulletImpact.mat
  artifactKey: Guid(4f4ba449e1cebf64fb19f66ea945a001) Importer(815301076,1909f56bfc062723c751e8b465ee728b)
Start importing Assets/Materials/BulletImpact.mat using Guid(4f4ba449e1cebf64fb19f66ea945a001) Importer(815301076,1909f56bfc062723c751e8b465ee728b)  -> (artifact id: 'bc02f29b43d922d752608b3bfed4f145') in 0.015248 seconds 
========================================================================
Received Import Request.
  Time since last request: 0.000019 seconds.
  path: Assets/Materials/LaserGlow.mat
  artifactKey: Guid(d300688721d90de44a4496d0371bdb25) Importer(815301076,1909f56bfc062723c751e8b465ee728b)
Start importing Assets/Materials/LaserGlow.mat using Guid(d300688721d90de44a4496d0371bdb25) Importer(815301076,1909f56bfc062723c751e8b465ee728b)  -> (artifact id: '1dfd4aa29ca446fdd170e9eeb42b494d') in 0.018308 seconds 
========================================================================
Received Import Request.
  Time since last request: 0.000036 seconds.
  path: Assets/Materials/GroundPlane.mat
  artifactKey: Guid(2a7abbaf50fb2f942911b4e58e374735) Importer(815301076,1909f56bfc062723c751e8b465ee728b)
Start importing Assets/Materials/GroundPlane.mat using Guid(2a7abbaf50fb2f942911b4e58e374735) Importer(815301076,1909f56bfc062723c751e8b465ee728b)  -> (artifact id: 'e142c14e02daabaa83f6b75941747d0f') in 0.013639 seconds 
Editor requested this worker to shutdown with reason: Scaling down because of idle timeout
AssetImportWorker is now disconnected from the server
Process exiting
Exiting without the bug reporter. Application will terminate with return code 0